<?xml version="1.0" encoding="UTF-8"?>
<testng-results ignored="0" total="3" passed="3" failed="0" skipped="0">
  <reporter-output>
  </reporter-output>
  <suite started-at="2022-08-22T17:09:38 EET" name="Default suite" finished-at="2022-08-22T17:09:56 EET" duration-ms="17689">
    <groups>
    </groups>
    <test started-at="2022-08-22T17:09:38 EET" name="Default test" finished-at="2022-08-22T17:09:56 EET" duration-ms="17689">
      <class name="tests.TestTemp">
        <test-method is-config="true" signature="setup()[pri:0, instance:tests.TestTemp@7334aada]" started-at="2022-08-22T17:09:38 EET" name="setup" finished-at="2022-08-22T17:09:42 EET" duration-ms="3940" status="PASS">
          <reporter-output>
          </reporter-output>
        </test-method> <!-- setup -->
        <test-method signature="CheckBuyCat()[pri:0, instance:tests.TestTemp@7334aada]" started-at="2022-08-22T17:09:42 EET" name="CheckBuyCat" finished-at="2022-08-22T17:09:47 EET" duration-ms="4512" status="PASS">
          <reporter-output>
          </reporter-output>
        </test-method> <!-- CheckBuyCat -->
        <test-method signature="AddToCart()[pri:0, instance:tests.TestTemp@7334aada]" started-at="2022-08-22T17:09:47 EET" name="AddToCart" finished-at="2022-08-22T17:09:52 EET" depends-on-methods="tests.TestTemp.CheckBuyCat" duration-ms="4909" status="PASS">
          <reporter-output>
          </reporter-output>
        </test-method> <!-- AddToCart -->
        <test-method signature="Checkout()[pri:0, instance:tests.TestTemp@7334aada]" started-at="2022-08-22T17:09:52 EET" name="Checkout" finished-at="2022-08-22T17:09:56 EET" depends-on-methods="tests.TestTemp.AddToCart" duration-ms="4169" status="PASS">
          <reporter-output>
          </reporter-output>
        </test-method> <!-- Checkout -->
        <test-method is-config="true" signature="TearDown()[pri:0, instance:tests.TestTemp@7334aada]" started-at="2022-08-22T17:09:56 EET" name="TearDown" finished-at="2022-08-22T17:09:56 EET" duration-ms="131" status="PASS">
          <reporter-output>
          </reporter-output>
        </test-method> <!-- TearDown -->
      </class> <!-- tests.TestTemp -->
    </test> <!-- Default test -->
  </suite> <!-- Default suite -->
</testng-results>
